#
# There is insufficient memory for the Java Runtime Environment to continue.
# Native memory allocation (mmap) failed to map 13631488 bytes for G1 virtual space
# Possible reasons:
#   The system is out of physical RAM or swap space
#   The process is running with CompressedOops enabled, and the Java Heap may be blocking the growth of the native heap
# Possible solutions:
#   Reduce memory load on the system
#   Increase physical memory or swap space
#   Check if swap backing store is full
#   Decrease Java heap size (-Xmx/-Xms)
#   Decrease number of Java threads
#   Decrease Java thread stack sizes (-Xss)
#   Set larger code cache with -XX:ReservedCodeCacheSize=
#   JVM is running with Unscaled Compressed Oops mode in which the Java heap is
#     placed in the first 4GB address space. The Java Heap base address is the
#     maximum limit for the native heap growth. Please use -XX:HeapBaseMinAddress
#     to set the Java Heap base and to place the Java Heap above 4GB virtual address.
# This output file may be truncated or incomplete.
#
#  Out of Memory Error (os_windows.cpp:3530), pid=20056, tid=19112
#
# JRE version: Java(TM) SE Runtime Environment (18.0+36) (build 18+36-2087)
# Java VM: Java HotSpot(TM) 64-Bit Server VM (18+36-2087, mixed mode, sharing, tiered, compressed oops, compressed class ptrs, g1 gc, windows-amd64)
# No core dump will be written. Minidumps are not enabled by default on client versions of Windows
#

---------------  S U M M A R Y ------------

Command Line: -javaagent:C:\Program Files\JetBrains\IntelliJ IDEA Community Edition 2022.1.3\lib\idea_rt.jar=49296:C:\Program Files\JetBrains\IntelliJ IDEA Community Edition 2022.1.3\bin -Dfile.encoding=UTF-8 -Dsun.stdout.encoding=UTF-8 -Dsun.stderr.encoding=UTF-8 GantyRex.Ganty.GantyApplication

Host: Intel(R) Core(TM) i5-5300U CPU @ 2.30GHz, 4 cores, 7G,  Windows 10 , 64 bit Build 19041 (10.0.19041.1889)
Time: Sun Sep  4 16:58:54 2022 W. Central Africa Standard Time elapsed time: 8916.312088 seconds (0d 2h 28m 36s)

---------------  T H R E A D  ---------------

Current thread (0x000001ab848fe3d0):  VMThread "VM Thread" [stack: 0x00000099fb300000,0x00000099fb400000] [id=19112]

Stack: [0x00000099fb300000,0x00000099fb400000]
Native frames: (J=compiled Java code, j=interpreted, Vv=VM code, C=native code)
V  [jvm.dll+0x69804a]
V  [jvm.dll+0x7f308d]
V  [jvm.dll+0x7f499e]
V  [jvm.dll+0x7f5053]
V  [jvm.dll+0x25ca3f]
V  [jvm.dll+0x694f99]
V  [jvm.dll+0x689aca]
V  [jvm.dll+0x321efb]
V  [jvm.dll+0x3298d6]
V  [jvm.dll+0x37e47e]
V  [jvm.dll+0x37e6af]
V  [jvm.dll+0x2f9c7a]
V  [jvm.dll+0x2f9d27]
V  [jvm.dll+0x33e262]
V  [jvm.dll+0x33c804]
V  [jvm.dll+0x2f9450]
V  [jvm.dll+0x33bddb]
V  [jvm.dll+0x7f9e3b]
V  [jvm.dll+0x7fabd4]
V  [jvm.dll+0x7fb10c]
V  [jvm.dll+0x7fb564]
V  [jvm.dll+0x7fb627]
V  [jvm.dll+0x79fbba]
V  [jvm.dll+0x696ef5]
C  [ucrtbase.dll+0x21bb2]
C  [KERNEL32.DLL+0x17034]
C  [ntdll.dll+0x52651]

VM_Operation (0x00000099fabfdfd0): G1CollectForAllocation, mode: safepoint, requested by thread 0x000001aba9994040


---------------  P R O C E S S  ---------------

Threads class SMR info:
_java_thread_list=0x000001aba76d02b0, length=31, elements={
0x000001aba2130560, 0x000001aba2134440, 0x000001aba214cd50, 0x000001aba214d600,
0x000001aba214deb0, 0x000001aba214e8a0, 0x000001aba2151490, 0x000001aba2165e20,
0x000001aba218f6d0, 0x000001aba2120800, 0x000001aba664abe0, 0x000001aba67fe780,
0x000001aba88655a0, 0x000001aba7e164a0, 0x000001aba6c94500, 0x000001aba7b32a20,
0x000001aba7b31bb0, 0x000001aba7b2fed0, 0x000001aba7b2f060, 0x000001aba7b30870,
0x000001aba7b31210, 0x000001aba7b2f530, 0x000001aba7b30d40, 0x000001aba7b316e0,
0x000001aba99961f0, 0x000001aba9992360, 0x000001aba9996b90, 0x000001aba9993b70,
0x000001aba9998870, 0x000001aba9998d40, 0x000001aba9994040
}

Java Threads: ( => current thread )
  0x000001aba2130560 JavaThread "Reference Handler" daemon [_thread_blocked, id=14052, stack(0x00000099fb400000,0x00000099fb500000)]
  0x000001aba2134440 JavaThread "Finalizer" daemon [_thread_blocked, id=16180, stack(0x00000099fb500000,0x00000099fb600000)]
  0x000001aba214cd50 JavaThread "Signal Dispatcher" daemon [_thread_blocked, id=18244, stack(0x00000099fb600000,0x00000099fb700000)]
  0x000001aba214d600 JavaThread "Attach Listener" daemon [_thread_blocked, id=1768, stack(0x00000099fb700000,0x00000099fb800000)]
  0x000001aba214deb0 JavaThread "Service Thread" daemon [_thread_blocked, id=11096, stack(0x00000099fb800000,0x00000099fb900000)]
  0x000001aba214e8a0 JavaThread "Monitor Deflation Thread" daemon [_thread_blocked, id=21192, stack(0x00000099fb900000,0x00000099fba00000)]
  0x000001aba2151490 JavaThread "C2 CompilerThread0" daemon [_thread_blocked, id=18940, stack(0x00000099fba00000,0x00000099fbb00000)]
  0x000001aba2165e20 JavaThread "C1 CompilerThread0" daemon [_thread_blocked, id=8204, stack(0x00000099fbb00000,0x00000099fbc00000)]
  0x000001aba218f6d0 JavaThread "Sweeper thread" daemon [_thread_blocked, id=11584, stack(0x00000099fbc00000,0x00000099fbd00000)]
  0x000001aba2120800 JavaThread "Common-Cleaner" daemon [_thread_blocked, id=18424, stack(0x00000099fbd00000,0x00000099fbe00000)]
  0x000001aba664abe0 JavaThread "Monitor Ctrl-Break" daemon [_thread_in_native, id=8880, stack(0x00000099fbe00000,0x00000099fbf00000)]
  0x000001aba67fe780 JavaThread "Notification Thread" daemon [_thread_blocked, id=7000, stack(0x00000099fbf00000,0x00000099fc000000)]
  0x000001aba88655a0 JavaThread "Catalina-utility-1" [_thread_blocked, id=11840, stack(0x00000099fc600000,0x00000099fc700000)]
  0x000001aba7e164a0 JavaThread "Catalina-utility-2" [_thread_blocked, id=8528, stack(0x00000099fc700000,0x00000099fc800000)]
  0x000001aba6c94500 JavaThread "container-0" [_thread_blocked, id=2172, stack(0x00000099fc800000,0x00000099fc900000)]
  0x000001aba7b32a20 JavaThread "HikariPool-1 housekeeper" daemon [_thread_blocked, id=9260, stack(0x00000099fca00000,0x00000099fcb00000)]
  0x000001aba7b31bb0 JavaThread "http-nio-8003-exec-1" daemon [_thread_blocked, id=1324, stack(0x00000099fcc00000,0x00000099fcd00000)]
  0x000001aba7b2fed0 JavaThread "http-nio-8003-exec-2" daemon [_thread_blocked, id=17772, stack(0x00000099fcd00000,0x00000099fce00000)]
  0x000001aba7b2f060 JavaThread "http-nio-8003-exec-3" daemon [_thread_blocked, id=11968, stack(0x00000099fce00000,0x00000099fcf00000)]
  0x000001aba7b30870 JavaThread "http-nio-8003-exec-4" daemon [_thread_blocked, id=14144, stack(0x00000099fcf00000,0x00000099fd000000)]
  0x000001aba7b31210 JavaThread "http-nio-8003-exec-5" daemon [_thread_blocked, id=17244, stack(0x00000099fd000000,0x00000099fd100000)]
  0x000001aba7b2f530 JavaThread "http-nio-8003-exec-6" daemon [_thread_blocked, id=10820, stack(0x00000099fd100000,0x00000099fd200000)]
  0x000001aba7b30d40 JavaThread "http-nio-8003-exec-7" daemon [_thread_blocked, id=12060, stack(0x00000099fd200000,0x00000099fd300000)]
  0x000001aba7b316e0 JavaThread "http-nio-8003-exec-8" daemon [_thread_blocked, id=1760, stack(0x00000099fd300000,0x00000099fd400000)]
  0x000001aba99961f0 JavaThread "http-nio-8003-exec-9" daemon [_thread_blocked, id=19964, stack(0x00000099fd400000,0x00000099fd500000)]
  0x000001aba9992360 JavaThread "http-nio-8003-exec-10" daemon [_thread_blocked, id=3508, stack(0x00000099fd500000,0x00000099fd600000)]
  0x000001aba9996b90 JavaThread "http-nio-8003-Poller" daemon [_thread_in_native, id=1676, stack(0x00000099fd600000,0x00000099fd700000)]
  0x000001aba9993b70 JavaThread "http-nio-8003-Acceptor" daemon [_thread_in_native, id=8472, stack(0x00000099fd700000,0x00000099fd800000)]
  0x000001aba9998870 JavaThread "DestroyJavaVM" [_thread_blocked, id=18664, stack(0x00000099fad00000,0x00000099fae00000)]
  0x000001aba9998d40 JavaThread "HikariPool-1 connection closer" daemon [_thread_blocked, id=10600, stack(0x00000099faa00000,0x00000099fab00000)]
  0x000001aba9994040 JavaThread "HikariPool-1 connection adder" daemon [_thread_blocked, id=3776, stack(0x00000099fab00000,0x00000099fac00000)]

Other Threads:
=>0x000001ab848fe3d0 VMThread "VM Thread" [stack: 0x00000099fb300000,0x00000099fb400000] [id=19112]
  0x000001aba664b0a0 WatcherThread "VM Periodic Task Thread" [stack: 0x00000099fc000000,0x00000099fc100000] [id=8632]
  0x000001ab848e2b20 WorkerThread "GC Thread#0" [stack: 0x00000099fae00000,0x00000099faf00000] [id=16324]
  0x000001aba6a6f5a0 WorkerThread "GC Thread#1" [stack: 0x00000099fc200000,0x00000099fc300000] [id=21740]
  0x000001aba6a6f840 WorkerThread "GC Thread#2" [stack: 0x00000099fc300000,0x00000099fc400000] [id=472]
  0x000001aba6a92070 WorkerThread "GC Thread#3" [stack: 0x00000099fc400000,0x00000099fc500000] [id=10228]
  0x000001ab848f4680 ConcurrentGCThread "G1 Main Marker" [stack: 0x00000099faf00000,0x00000099fb000000] [id=18972]
  0x000001ab848f5720 WorkerThread "G1 Conc#0" [stack: 0x00000099fb000000,0x00000099fb100000] [id=12796]
  0x000001ab84938150 ConcurrentGCThread "G1 Refine#0" [stack: 0x00000099fb100000,0x00000099fb200000] [id=1100]
  0x000001aba69cbcd0 ConcurrentGCThread "G1 Refine#1" [stack: 0x00000099fc500000,0x00000099fc600000] [id=240]
  0x000001ab84938970 ConcurrentGCThread "G1 Service" [stack: 0x00000099fb200000,0x00000099fb300000] [id=20376]

Threads with active compile tasks:

VM state: at safepoint (normal execution)

VM Mutex/Monitor currently owned by a thread:  ([mutex/lock_event])
[0x000001ab8487e650] Threads_lock - owner thread: 0x000001ab848fe3d0
[0x000001ab8487d720] Heap_lock - owner thread: 0x000001aba9994040

Heap address: 0x0000000081e00000, size: 2018 MB, Compressed Oops mode: 32-bit

CDS archive(s) mapped at: [0x0000000800000000-0x0000000800ba0000-0x0000000800ba0000), size 12189696, SharedBaseAddress: 0x0000000800000000, ArchiveRelocationMode: 0.
Compressed class space mapped at: 0x0000000800c00000-0x0000000840c00000, reserved size: 1073741824
Narrow klass base: 0x0000000800000000, Narrow klass shift: 0, Narrow klass range: 0x100000000

GC Precious Log:
 CardTable entry size: 512
 Card Set container configuration: InlinePtr #cards 5 size 8 Array Of Cards #cards 12 size 40 Howl #buckets 4 coarsen threshold 1843 Howl Bitmap #cards 512 size 80 coarsen threshold 460 Card regions per heap region 1 cards per card region 2048
 CPUs: 4 total, 4 available
 Memory: 8070M
 Large Page Support: Disabled
 NUMA Support: Disabled
 Compressed Oops: Enabled (32-bit)
 Heap Region Size: 1M
 Heap Min Capacity: 8M
 Heap Initial Capacity: 128M
 Heap Max Capacity: 2018M
 Pre-touch: Disabled
 Parallel Workers: 4
 Concurrent Workers: 1
 Concurrent Refinement Workers: 4
 Periodic GC: Disabled

Heap:
 garbage-first heap   total 62464K, used 27775K [0x0000000081e00000, 0x0000000100000000)
  region size 1024K, 3 young (3072K), 3 survivors (3072K)
 Metaspace       used 52882K, committed 53312K, reserved 1114112K
  class space    used 6955K, committed 7168K, reserved 1048576K

Heap Regions: E=young(eden), S=young(survivor), O=old, HS=humongous(starts), HC=humongous(continues), CS=collection set, F=free, OA=open archive, CA=closed archive, TAMS=top-at-mark-start (previous, next)
|   0|0x0000000081e00000, 0x0000000081f00000, 0x0000000081f00000|100%|HS|  |TAMS 0x0000000081f00000, 0x0000000081e00000| Complete 
|   1|0x0000000081f00000, 0x0000000082000000, 0x0000000082000000|100%| O|  |TAMS 0x0000000082000000, 0x0000000081f00000| Untracked 
|   2|0x0000000082000000, 0x0000000082100000, 0x0000000082100000|100%| O|  |TAMS 0x0000000082100000, 0x0000000082000000| Untracked 
|   3|0x0000000082100000, 0x0000000082200000, 0x0000000082200000|100%| O|  |TAMS 0x0000000082200000, 0x0000000082100000| Untracked 
|   4|0x0000000082200000, 0x0000000082300000, 0x0000000082300000|100%| O|  |TAMS 0x0000000082300000, 0x0000000082200000| Untracked 
|   5|0x0000000082300000, 0x0000000082400000, 0x0000000082400000|100%| O|  |TAMS 0x0000000082400000, 0x0000000082300000| Untracked 
|   6|0x0000000082400000, 0x0000000082500000, 0x0000000082500000|100%| O|  |TAMS 0x0000000082400000, 0x0000000082400000| Untracked 
|   7|0x0000000082500000, 0x0000000082600000, 0x0000000082600000|100%| O|  |TAMS 0x0000000082600000, 0x0000000082500000| Untracked 
|   8|0x0000000082600000, 0x0000000082700000, 0x0000000082700000|100%| O|  |TAMS 0x0000000082700000, 0x0000000082600000| Untracked 
|   9|0x0000000082700000, 0x0000000082800000, 0x0000000082800000|100%| O|  |TAMS 0x0000000082800000, 0x0000000082700000| Untracked 
|  10|0x0000000082800000, 0x0000000082900000, 0x0000000082900000|100%| O|  |TAMS 0x0000000082900000, 0x0000000082800000| Untracked 
|  11|0x0000000082900000, 0x0000000082a00000, 0x0000000082a00000|100%| O|  |TAMS 0x0000000082a00000, 0x0000000082900000| Untracked 
|  12|0x0000000082a00000, 0x0000000082b00000, 0x0000000082b00000|100%| O|  |TAMS 0x0000000082b00000, 0x0000000082a00000| Untracked 
|  13|0x0000000082b00000, 0x0000000082c00000, 0x0000000082c00000|100%| O|  |TAMS 0x0000000082c00000, 0x0000000082b00000| Untracked 
|  14|0x0000000082c00000, 0x0000000082d00000, 0x0000000082d00000|100%| O|  |TAMS 0x0000000082c89200, 0x0000000082c00000| Untracked 
|  15|0x0000000082d00000, 0x0000000082e00000, 0x0000000082e00000|100%| O|  |TAMS 0x0000000082d00000, 0x0000000082d00000| Untracked 
|  16|0x0000000082e00000, 0x0000000082f00000, 0x0000000082f00000|100%| O|  |TAMS 0x0000000082e00000, 0x0000000082e00000| Untracked 
|  17|0x0000000082f00000, 0x0000000083000000, 0x0000000083000000|100%| O|  |TAMS 0x0000000082f00000, 0x0000000082f00000| Untracked 
|  18|0x0000000083000000, 0x0000000083100000, 0x0000000083100000|100%| O|  |TAMS 0x0000000083000000, 0x0000000083000000| Untracked 
|  19|0x0000000083100000, 0x0000000083200000, 0x0000000083200000|100%| O|  |TAMS 0x0000000083100000, 0x0000000083100000| Untracked 
|  20|0x0000000083200000, 0x0000000083300000, 0x0000000083300000|100%| O|  |TAMS 0x0000000083200000, 0x0000000083200000| Untracked 
|  21|0x0000000083300000, 0x0000000083400000, 0x0000000083400000|100%| O|  |TAMS 0x0000000083300000, 0x0000000083300000| Untracked 
|  22|0x0000000083400000, 0x000000008344da00, 0x0000000083500000| 30%| O|  |TAMS 0x0000000083400000, 0x0000000083400000| Untracked 
|  23|0x0000000083500000, 0x0000000083500000, 0x0000000083600000|  0%| F|  |TAMS 0x0000000083500000, 0x0000000083500000| Untracked 
|  24|0x0000000083600000, 0x0000000083600000, 0x0000000083700000|  0%| F|  |TAMS 0x0000000083600000, 0x0000000083600000| Untracked 
|  25|0x0000000083700000, 0x0000000083700000, 0x0000000083800000|  0%| F|  |TAMS 0x0000000083700000, 0x0000000083700000| Untracked 
|  26|0x0000000083800000, 0x0000000083800000, 0x0000000083900000|  0%| F|  |TAMS 0x0000000083800000, 0x0000000083800000| Untracked 
|  27|0x0000000083900000, 0x0000000083900000, 0x0000000083a00000|  0%| F|  |TAMS 0x0000000083900000, 0x0000000083900000| Untracked 
|  28|0x0000000083a00000, 0x0000000083a00000, 0x0000000083b00000|  0%| F|  |TAMS 0x0000000083a00000, 0x0000000083a00000| Untracked 
|  29|0x0000000083b00000, 0x0000000083b00000, 0x0000000083c00000|  0%| F|  |TAMS 0x0000000083b00000, 0x0000000083b00000| Untracked 
|  30|0x0000000083c00000, 0x0000000083c00000, 0x0000000083d00000|  0%| F|  |TAMS 0x0000000083c00000, 0x0000000083c00000| Untracked 
|  31|0x0000000083d00000, 0x0000000083d00000, 0x0000000083e00000|  0%| F|  |TAMS 0x0000000083d00000, 0x0000000083d00000| Untracked 
|  32|0x0000000083e00000, 0x0000000083e00000, 0x0000000083f00000|  0%| F|  |TAMS 0x0000000083e00000, 0x0000000083e00000| Untracked 
|  33|0x0000000083f00000, 0x0000000083f00000, 0x0000000084000000|  0%| F|  |TAMS 0x0000000083f00000, 0x0000000083f00000| Untracked 
|  34|0x0000000084000000, 0x0000000084000000, 0x0000000084100000|  0%| F|  |TAMS 0x0000000084000000, 0x0000000084000000| Untracked 
|  35|0x0000000084100000, 0x00000000841d2380, 0x0000000084200000| 82%| S|CS|TAMS 0x0000000084100000, 0x0000000084100000| Complete 
|  36|0x0000000084200000, 0x0000000084300000, 0x0000000084300000|100%| S|CS|TAMS 0x0000000084200000, 0x0000000084200000| Complete 
|  37|0x0000000084300000, 0x0000000084400000, 0x0000000084400000|100%| S|CS|TAMS 0x0000000084300000, 0x0000000084300000| Complete 
|  38|0x0000000084400000, 0x0000000084400000, 0x0000000084500000|  0%| F|  |TAMS 0x0000000084400000, 0x0000000084400000| Untracked 
|  39|0x0000000084500000, 0x0000000084500000, 0x0000000084600000|  0%| F|  |TAMS 0x0000000084500000, 0x0000000084500000| Untracked 
|  40|0x0000000084600000, 0x0000000084600000, 0x0000000084700000|  0%| F|  |TAMS 0x0000000084600000, 0x0000000084600000| Untracked 
|  41|0x0000000084700000, 0x0000000084700000, 0x0000000084800000|  0%| F|  |TAMS 0x0000000084700000, 0x0000000084700000| Untracked 
|  42|0x0000000084800000, 0x0000000084800000, 0x0000000084900000|  0%| F|  |TAMS 0x0000000084800000, 0x0000000084800000| Untracked 
|  43|0x0000000084900000, 0x0000000084900000, 0x0000000084a00000|  0%| F|  |TAMS 0x0000000084900000, 0x0000000084900000| Untracked 
|  44|0x0000000084a00000, 0x0000000084a00000, 0x0000000084b00000|  0%| F|  |TAMS 0x0000000084a00000, 0x0000000084a00000| Untracked 
|  45|0x0000000084b00000, 0x0000000084b00000, 0x0000000084c00000|  0%| F|  |TAMS 0x0000000084b00000, 0x0000000084b00000| Untracked 
|  46|0x0000000084c00000, 0x0000000084c00000, 0x0000000084d00000|  0%| F|  |TAMS 0x0000000084c00000, 0x0000000084c00000| Untracked 
|  47|0x0000000084d00000, 0x0000000084d00000, 0x0000000084e00000|  0%| F|  |TAMS 0x0000000084d00000, 0x0000000084d00000| Untracked 
|  48|0x0000000084e00000, 0x0000000084e00000, 0x0000000084f00000|  0%| F|  |TAMS 0x0000000084e00000, 0x0000000084e00000| Untracked 
|  49|0x0000000084f00000, 0x0000000084f00000, 0x0000000085000000|  0%| F|  |TAMS 0x0000000084f00000, 0x0000000084f00000| Untracked 
|  50|0x0000000085000000, 0x0000000085000000, 0x0000000085100000|  0%| F|  |TAMS 0x0000000085000000, 0x0000000085000000| Untracked 
|  64|0x0000000085e00000, 0x0000000085e00000, 0x0000000085f00000|  0%| F|  |TAMS 0x0000000085e00000, 0x0000000085e00000| Untracked 
|  65|0x0000000085f00000, 0x0000000085f00000, 0x0000000086000000|  0%| F|  |TAMS 0x0000000085f00000, 0x0000000085f00000| Untracked 
|  66|0x0000000086000000, 0x0000000086000000, 0x0000000086100000|  0%| F|  |TAMS 0x0000000086000000, 0x0000000086000000| Untracked 
|  67|0x0000000086100000, 0x0000000086100000, 0x0000000086200000|  0%| F|  |TAMS 0x0000000086100000, 0x0000000086100000| Untracked 
|  68|0x0000000086200000, 0x0000000086200000, 0x0000000086300000|  0%| F|  |TAMS 0x0000000086200000, 0x0000000086200000| Untracked 
|  69|0x0000000086300000, 0x0000000086300000, 0x0000000086400000|  0%| F|  |TAMS 0x0000000086300000, 0x0000000086300000| Untracked 
|  70|0x0000000086400000, 0x0000000086400000, 0x0000000086500000|  0%| F|  |TAMS 0x0000000086400000, 0x0000000086400000| Untracked 
| 127|0x0000000089d00000, 0x0000000089d00000, 0x0000000089e00000|  0%| F|  |TAMS 0x0000000089d00000, 0x0000000089d00000| Untracked 
|2016|0x00000000ffe00000, 0x00000000fff00000, 0x00000000fff00000|100%| O|  |TAMS 0x00000000fff00000, 0x00000000ffe00000| Untracked 
|2017|0x00000000fff00000, 0x0000000100000000, 0x0000000100000000|100%| O|  |TAMS 0x0000000100000000, 0x00000000fff00000| Untracked 

Card table byte_map: [0x000001ab9b5a0000,0x000001ab9b9a0000] _byte_map_base: 0x000001ab9b191000

Marking Bits (Prev, Next): (CMBitMap*) 0x000001ab848e3030, (CMBitMap*) 0x000001ab848e3070
 Prev Bits: [0x000001ab9bda0000, 0x000001ab9dd28000)
 Next Bits: [0x000001ab9dd30000, 0x000001ab9fcb8000)

Polling page: 0x000001ab826c0000

Metaspace:

Usage:
  Non-class:     44.85 MB used.
      Class:      6.79 MB used.
       Both:     51.64 MB used.

Virtual space:
  Non-class space:       64.00 MB reserved,      45.06 MB ( 70%) committed,  1 nodes.
      Class space:        1.00 GB reserved,       7.00 MB ( <1%) committed,  1 nodes.
             Both:        1.06 GB reserved,      52.06 MB (  5%) committed. 

Chunk freelists:
   Non-Class:  2.63 MB
       Class:  997.00 KB
        Both:  3.60 MB

MaxMetaspaceSize: unlimited
CompressedClassSpaceSize: 1.00 GB
Initial GC threshold: 21.00 MB
Current GC threshold: 59.06 MB
CDS: on
MetaspaceReclaimPolicy: balanced
 - commit_granule_bytes: 65536.
 - commit_granule_words: 8192.
 - virtual_space_node_default_size: 8388608.
 - enlarge_chunks_in_place: 1.
 - new_chunks_are_fully_committed: 0.
 - uncommit_free_chunks: 1.
 - use_allocation_guard: 0.


Internal statistics:

num_allocs_failed_limit: 6.
num_arena_births: 530.
num_arena_deaths: 0.
num_vsnodes_births: 2.
num_vsnodes_deaths: 0.
num_space_committed: 833.
num_space_uncommitted: 0.
num_chunks_returned_to_freelist: 6.
num_chunks_taken_from_freelist: 2409.
num_chunk_merges: 6.
num_chunk_splits: 1725.
num_chunks_enlarged: 1439.
num_inconsistent_stats: 0.

CodeHeap 'non-profiled nmethods': size=120000Kb used=3079Kb max_used=3079Kb free=116921Kb
 bounds [0x000001ab93c70000, 0x000001ab93f80000, 0x000001ab9b1a0000]
CodeHeap 'profiled nmethods': size=120000Kb used=10887Kb max_used=10887Kb free=109112Kb
 bounds [0x000001ab8c740000, 0x000001ab8d1f0000, 0x000001ab93c70000]
CodeHeap 'non-nmethods': size=5760Kb used=1268Kb max_used=1321Kb free=4491Kb
 bounds [0x000001ab8c1a0000, 0x000001ab8c410000, 0x000001ab8c740000]
 total_blobs=5828 nmethods=5258 adapters=482
 compilation: enabled
              stopped_count=0, restarted_count=0
 full_count=0

Compilation events (20 events):
Event: 8866.669 Thread 0x000001aba2151490 nmethod 6023 0x000001ab93f6fb10 code [0x000001ab93f6fca0, 0x000001ab93f6fd78]
Event: 8866.669 Thread 0x000001aba2165e20 nmethod 6025 0x000001ab8d1d0d90 code [0x000001ab8d1d0f80, 0x000001ab8d1d1508]
Event: 8866.670 Thread 0x000001aba2165e20 6026       3       java.util.concurrent.atomic.AtomicLong::addAndGet (14 bytes)
Event: 8866.670 Thread 0x000001aba2165e20 nmethod 6026 0x000001ab8d1d1690 code [0x000001ab8d1d1820, 0x000001ab8d1d1938]
Event: 8866.769 Thread 0x000001aba2151490 6027  s    4       java.io.ByteArrayOutputStream::write (32 bytes)
Event: 8866.770 Thread 0x000001aba2165e20 6028   !   3       org.postgresql.core.v3.QueryExecutorImpl::processResults (2184 bytes)
Event: 8866.777 Thread 0x000001aba2151490 nmethod 6027 0x000001ab93f6fe90 code [0x000001ab93f70020, 0x000001ab93f70448]
Event: 8866.840 Thread 0x000001aba2165e20 nmethod 6028 0x000001ab8d1d1a10 code [0x000001ab8d1d2a60, 0x000001ab8d1de108]
Event: 8891.255 Thread 0x000001aba2165e20 6029       3       java.lang.invoke.LambdaForm$DMH/0x0000000801300400::newInvokeSpecial (27 bytes)
Event: 8891.285 Thread 0x000001aba2165e20 nmethod 6029 0x000001ab8d1e2010 code [0x000001ab8d1e2240, 0x000001ab8d1e2bd8]
Event: 8893.448 Thread 0x000001aba2165e20 6030       3       java.util.concurrent.ConcurrentHashMap::putAll (63 bytes)
Event: 8893.451 Thread 0x000001aba2165e20 nmethod 6030 0x000001ab8d1e2e90 code [0x000001ab8d1e30c0, 0x000001ab8d1e3968]
Event: 8893.607 Thread 0x000001aba2151490 6031       4       javax.crypto.Mac::doFinal (38 bytes)
Event: 8893.634 Thread 0x000001aba2151490 nmethod 6031 0x000001ab93f70610 code [0x000001ab93f70840, 0x000001ab93f71060]
Event: 8893.635 Thread 0x000001aba2151490 6032       4       org.postgresql.core.VisibleBufferedInputStream::ensureBytes (44 bytes)
Event: 8893.639 Thread 0x000001aba2151490 nmethod 6032 0x000001ab93f71890 code [0x000001ab93f71a20, 0x000001ab93f71b28]
Event: 8905.686 Thread 0x000001aba2165e20 6033   !   3       sun.nio.ch.NioSocketImpl::endWrite (58 bytes)
Event: 8905.687 Thread 0x000001aba2165e20 nmethod 6033 0x000001ab8d1e3b90 code [0x000001ab8d1e3d60, 0x000001ab8d1e4198]
Event: 8905.779 Thread 0x000001aba2165e20 6034       3       java.util.StringTokenizer::<init> (8 bytes)
Event: 8905.781 Thread 0x000001aba2165e20 nmethod 6034 0x000001ab8d1e4390 code [0x000001ab8d1e4520, 0x000001ab8d1e4668]

GC Heap History (20 events):
Event: 1.356 GC heap after
{Heap after GC invocations=2 (full 0):
 garbage-first heap   total 131072K, used 7883K [0x0000000081e00000, 0x0000000100000000)
  region size 1024K, 2 young (2048K), 2 survivors (2048K)
 Metaspace       used 5903K, committed 6080K, reserved 1114112K
  class space    used 658K, committed 768K, reserved 1048576K
}
Event: 2.116 GC heap before
{Heap before GC invocations=2 (full 0):
 garbage-first heap   total 131072K, used 28363K [0x0000000081e00000, 0x0000000100000000)
  region size 1024K, 23 young (23552K), 2 survivors (2048K)
 Metaspace       used 11722K, committed 11968K, reserved 1114112K
  class space    used 1358K, committed 1472K, reserved 1048576K
}
Event: 2.121 GC heap after
{Heap after GC invocations=3 (full 0):
 garbage-first heap   total 131072K, used 9110K [0x0000000081e00000, 0x0000000100000000)
  region size 1024K, 3 young (3072K), 3 survivors (3072K)
 Metaspace       used 11722K, committed 11968K, reserved 1114112K
  class space    used 1358K, committed 1472K, reserved 1048576K
}
Event: 4.432 GC heap before
{Heap before GC invocations=3 (full 0):
 garbage-first heap   total 131072K, used 62358K [0x0000000081e00000, 0x0000000100000000)
  region size 1024K, 57 young (58368K), 3 survivors (3072K)
 Metaspace       used 21254K, committed 21504K, reserved 1114112K
  class space    used 2558K, committed 2688K, reserved 1048576K
}
Event: 4.446 GC heap after
{Heap after GC invocations=4 (full 0):
 garbage-first heap   total 131072K, used 13124K [0x0000000081e00000, 0x0000000100000000)
  region size 1024K, 7 young (7168K), 7 survivors (7168K)
 Metaspace       used 21254K, committed 21504K, reserved 1114112K
  class space    used 2558K, committed 2688K, reserved 1048576K
}
Event: 6.010 GC heap before
{Heap before GC invocations=5 (full 0):
 garbage-first heap   total 51200K, used 49988K [0x0000000081e00000, 0x0000000100000000)
  region size 1024K, 43 young (44032K), 7 survivors (7168K)
 Metaspace       used 28299K, committed 28672K, reserved 1114112K
  class space    used 3515K, committed 3712K, reserved 1048576K
}
Event: 6.024 GC heap after
{Heap after GC invocations=6 (full 0):
 garbage-first heap   total 62464K, used 16460K [0x0000000081e00000, 0x0000000100000000)
  region size 1024K, 9 young (9216K), 9 survivors (9216K)
 Metaspace       used 28299K, committed 28672K, reserved 1114112K
  class space    used 3515K, committed 3712K, reserved 1048576K
}
Event: 6.103 GC heap before
{Heap before GC invocations=6 (full 0):
 garbage-first heap   total 62464K, used 17484K [0x0000000081e00000, 0x0000000100000000)
  region size 1024K, 10 young (10240K), 9 survivors (9216K)
 Metaspace       used 28831K, committed 29248K, reserved 1114112K
  class space    used 3562K, committed 3776K, reserved 1048576K
}
Event: 6.116 GC heap after
{Heap after GC invocations=7 (full 0):
 garbage-first heap   total 62464K, used 16932K [0x0000000081e00000, 0x0000000100000000)
  region size 1024K, 1 young (1024K), 1 survivors (1024K)
 Metaspace       used 28831K, committed 29248K, reserved 1114112K
  class space    used 3562K, committed 3776K, reserved 1048576K
}
Event: 7.150 GC heap before
{Heap before GC invocations=7 (full 0):
 garbage-first heap   total 62464K, used 36388K [0x0000000081e00000, 0x0000000100000000)
  region size 1024K, 22 young (22528K), 1 survivors (1024K)
 Metaspace       used 35686K, committed 35968K, reserved 1114112K
  class space    used 4591K, committed 4736K, reserved 1048576K
}
Event: 7.154 GC heap after
{Heap after GC invocations=8 (full 0):
 garbage-first heap   total 62464K, used 17367K [0x0000000081e00000, 0x0000000100000000)
  region size 1024K, 2 young (2048K), 2 survivors (2048K)
 Metaspace       used 35686K, committed 35968K, reserved 1114112K
  class space    used 4591K, committed 4736K, reserved 1048576K
}
Event: 8.537 GC heap before
{Heap before GC invocations=9 (full 0):
 garbage-first heap   total 62464K, used 42967K [0x0000000081e00000, 0x0000000100000000)
  region size 1024K, 28 young (28672K), 2 survivors (2048K)
 Metaspace       used 42264K, committed 42624K, reserved 1114112K
  class space    used 5576K, committed 5760K, reserved 1048576K
}
Event: 8.544 GC heap after
{Heap after GC invocations=10 (full 0):
 garbage-first heap   total 62464K, used 19191K [0x0000000081e00000, 0x0000000100000000)
  region size 1024K, 4 young (4096K), 4 survivors (4096K)
 Metaspace       used 42264K, committed 42624K, reserved 1114112K
  class space    used 5576K, committed 5760K, reserved 1048576K
}
Event: 9.967 GC heap before
{Heap before GC invocations=10 (full 0):
 garbage-first heap   total 62464K, used 44791K [0x0000000081e00000, 0x0000000100000000)
  region size 1024K, 30 young (30720K), 4 survivors (4096K)
 Metaspace       used 46560K, committed 46976K, reserved 1114112K
  class space    used 6153K, committed 6336K, reserved 1048576K
}
Event: 9.976 GC heap after
{Heap after GC invocations=11 (full 0):
 garbage-first heap   total 62464K, used 20738K [0x0000000081e00000, 0x0000000100000000)
  region size 1024K, 4 young (4096K), 4 survivors (4096K)
 Metaspace       used 46560K, committed 46976K, reserved 1114112K
  class space    used 6153K, committed 6336K, reserved 1048576K
}
Event: 10.806 GC heap before
{Heap before GC invocations=11 (full 0):
 garbage-first heap   total 62464K, used 45314K [0x0000000081e00000, 0x0000000100000000)
  region size 1024K, 29 young (29696K), 4 survivors (4096K)
 Metaspace       used 50078K, committed 50496K, reserved 1114112K
  class space    used 6651K, committed 6848K, reserved 1048576K
}
Event: 10.815 GC heap after
{Heap after GC invocations=12 (full 0):
 garbage-first heap   total 62464K, used 23077K [0x0000000081e00000, 0x0000000100000000)
  region size 1024K, 4 young (4096K), 4 survivors (4096K)
 Metaspace       used 50078K, committed 50496K, reserved 1114112K
  class space    used 6651K, committed 6848K, reserved 1048576K
}
Event: 11.395 GC heap before
{Heap before GC invocations=12 (full 0):
 garbage-first heap   total 62464K, used 46629K [0x0000000081e00000, 0x0000000100000000)
  region size 1024K, 28 young (28672K), 4 survivors (4096K)
 Metaspace       used 52154K, committed 52608K, reserved 1114112K
  class space    used 6915K, committed 7168K, reserved 1048576K
}
Event: 11.406 GC heap after
{Heap after GC invocations=13 (full 0):
 garbage-first heap   total 62464K, used 25211K [0x0000000081e00000, 0x0000000100000000)
  region size 1024K, 3 young (3072K), 3 survivors (3072K)
 Metaspace       used 52154K, committed 52608K, reserved 1114112K
  class space    used 6915K, committed 7168K, reserved 1048576K
}
Event: 8916.129 GC heap before
{Heap before GC invocations=13 (full 0):
 garbage-first heap   total 62464K, used 46715K [0x0000000081e00000, 0x0000000100000000)
  region size 1024K, 24 young (24576K), 3 survivors (3072K)
 Metaspace       used 52882K, committed 53312K, reserved 1114112K
  class space    used 6955K, committed 7168K, reserved 1048576K
}

Deoptimization events (20 events):
Event: 3568.318 Thread 0x000001aba99966c0 Uncommon trap: trap_request=0xffffffbe fr.pc=0x000001ab93f4b390 relative=0x00000000000002f0
Event: 3568.318 Thread 0x000001aba99966c0 Uncommon trap: reason=profile_predicate action=maybe_recompile pc=0x000001ab93f4b390 method=sun.security.provider.HashDrbg.addBytes([BI[[B)V @ 36 c2
Event: 3568.318 Thread 0x000001aba99966c0 DEOPT PACKING pc=0x000001ab93f4b390 sp=0x00000099fabfe670
Event: 3568.319 Thread 0x000001aba99966c0 DEOPT UNPACKING pc=0x000001ab8c1f23a3 sp=0x00000099fabfe5c0 mode 2
Event: 3568.319 Thread 0x000001aba99966c0 Uncommon trap: trap_request=0xffffffbe fr.pc=0x000001ab93f4b390 relative=0x00000000000002f0
Event: 3568.319 Thread 0x000001aba99966c0 Uncommon trap: reason=profile_predicate action=maybe_recompile pc=0x000001ab93f4b390 method=sun.security.provider.HashDrbg.addBytes([BI[[B)V @ 36 c2
Event: 3568.319 Thread 0x000001aba99966c0 DEOPT PACKING pc=0x000001ab93f4b390 sp=0x00000099fabfe670
Event: 3568.319 Thread 0x000001aba99966c0 DEOPT UNPACKING pc=0x000001ab8c1f23a3 sp=0x00000099fabfe5c0 mode 2
Event: 4411.432 Thread 0x000001aba88655a0 Uncommon trap: trap_request=0xffffff45 fr.pc=0x000001ab93f53bf4 relative=0x0000000000001d14
Event: 4411.432 Thread 0x000001aba88655a0 Uncommon trap: reason=unstable_if action=reinterpret pc=0x000001ab93f53bf4 method=java.util.concurrent.ScheduledThreadPoolExecutor$DelayedWorkQueue.take()Ljava/util/concurrent/RunnableScheduledFuture; @ 59 c2
Event: 4411.432 Thread 0x000001aba88655a0 DEOPT PACKING pc=0x000001ab93f53bf4 sp=0x00000099fc6feee0
Event: 4411.432 Thread 0x000001aba88655a0 DEOPT UNPACKING pc=0x000001ab8c1f23a3 sp=0x00000099fc6fedd0 mode 2
Event: 5232.617 Thread 0x000001aba7e164a0 Uncommon trap: trap_request=0xffffff45 fr.pc=0x000001ab93f5abc8 relative=0x00000000000007e8
Event: 5232.648 Thread 0x000001aba7e164a0 Uncommon trap: reason=unstable_if action=reinterpret pc=0x000001ab93f5abc8 method=java.util.concurrent.ScheduledThreadPoolExecutor$ScheduledFutureTask.compareTo(Ljava/util/concurrent/Delayed;)I @ 40 c2
Event: 5232.660 Thread 0x000001aba7e164a0 DEOPT PACKING pc=0x000001ab93f5abc8 sp=0x00000099fc7fefb0
Event: 5232.675 Thread 0x000001aba7e164a0 DEOPT UNPACKING pc=0x000001ab8c1f23a3 sp=0x00000099fc7fee18 mode 2
Event: 5233.448 Thread 0x000001aba7e164a0 Uncommon trap: trap_request=0xffffff45 fr.pc=0x000001ab93dd1c54 relative=0x00000000000000b4
Event: 5233.448 Thread 0x000001aba7e164a0 Uncommon trap: reason=unstable_if action=reinterpret pc=0x000001ab93dd1c54 method=java.util.concurrent.ScheduledThreadPoolExecutor$ScheduledFutureTask.compareTo(Ljava/util/concurrent/Delayed;)I @ 40 c2
Event: 5233.448 Thread 0x000001aba7e164a0 DEOPT PACKING pc=0x000001ab93dd1c54 sp=0x00000099fc7feed0
Event: 5233.572 Thread 0x000001aba7e164a0 DEOPT UNPACKING pc=0x000001ab8c1f23a3 sp=0x00000099fc7fee58 mode 2

Classes loaded (20 events):
Event: 11.426 Loading class java/nio/BufferMismatch
Event: 11.427 Loading class java/nio/BufferMismatch done
Event: 11.427 Loading class sun/nio/ch/SourceChannelImpl
Event: 11.427 Loading class java/nio/channels/Pipe$SourceChannel
Event: 11.427 Loading class java/nio/channels/Pipe$SourceChannel done
Event: 11.427 Loading class sun/nio/ch/SourceChannelImpl done
Event: 11.427 Loading class sun/nio/ch/SinkChannelImpl
Event: 11.427 Loading class java/nio/channels/Pipe$SinkChannel
Event: 11.427 Loading class java/nio/channels/Pipe$SinkChannel done
Event: 11.428 Loading class sun/nio/ch/SinkChannelImpl done
Event: 11.428 Loading class sun/nio/ch/SocketChannelImpl$DefaultOptionsHolder
Event: 11.428 Loading class sun/nio/ch/SocketChannelImpl$DefaultOptionsHolder done
Event: 11.429 Loading class java/nio/channels/spi/AbstractSelector$1
Event: 11.429 Loading class java/nio/channels/spi/AbstractSelector$1 done
Event: 11.432 Loading class java/util/TreeMap$ValueSpliterator
Event: 11.432 Loading class java/util/TreeMap$TreeMapSpliterator
Event: 11.432 Loading class java/util/TreeMap$TreeMapSpliterator done
Event: 11.432 Loading class java/util/TreeMap$ValueSpliterator done
Event: 11.457 Loading class jdk/internal/math/FDBigInteger
Event: 11.457 Loading class jdk/internal/math/FDBigInteger done

Classes unloaded (0 events):
No events

Classes redefined (0 events):
No events

Internal exceptions (20 events):
Event: 11.375 Thread 0x000001ab84885430 Exception <a 'java/lang/NoSuchMethodError'{0x000000008429b790}: 'java.lang.Object java.lang.invoke.DirectMethodHandle$Holder.invokeSpecial(java.lang.Object, java.lang.Object, java.lang.Object, int, java.lang.Object, int)'> (0x000000008429b790) 
thrown [t:\workspace\open\src\hotspot\share\interpreter\linkResolver.cpp, line 766]
Event: 11.377 Thread 0x000001ab84885430 Exception <a 'java/lang/NoSuchMethodError'{0x00000000842a5268}: 'void java.lang.invoke.DirectMethodHandle$Holder.invokeVirtual(java.lang.Object, java.lang.Object)'> (0x00000000842a5268) 
thrown [t:\workspace\open\src\hotspot\share\interpreter\linkResolver.cpp, line 766]
Event: 1779.323 Thread 0x000001aba99983a0 Implicit null exception at 0x000001ab93e77565 to 0x000001ab93e7e850
Event: 7072.601 Thread 0x000001aba9997530 Exception <a 'java/io/IOException'{0x0000000084a4f348}: Connection reset by peer> (0x0000000084a4f348) 
thrown [t:\workspace\open\src\hotspot\share\prims\jni.cpp, line 535]
Event: 7078.875 Thread 0x000001aba9995380 Exception <a 'java/io/IOException'{0x0000000084abac80}: Connection reset by peer> (0x0000000084abac80) 
thrown [t:\workspace\open\src\hotspot\share\prims\jni.cpp, line 535]
Event: 7079.677 Thread 0x000001aba9995380 Exception <a 'java/io/IOException'{0x0000000084abb300}: Connection reset by peer> (0x0000000084abb300) 
thrown [t:\workspace\open\src\hotspot\share\prims\jni.cpp, line 535]
Event: 7114.555 Thread 0x000001aba99949e0 Exception <a 'java/io/IOException'{0x00000000849851e0}: Connection reset by peer> (0x00000000849851e0) 
thrown [t:\workspace\open\src\hotspot\share\prims\jni.cpp, line 535]
Event: 7117.367 Thread 0x000001aba99949e0 Exception <a 'java/io/IOException'{0x0000000084985860}: Connection reset by peer> (0x0000000084985860) 
thrown [t:\workspace\open\src\hotspot\share\prims\jni.cpp, line 535]
Event: 7138.448 Thread 0x000001aba9997530 Exception <a 'java/io/IOException'{0x0000000084836750}: Connection reset by peer> (0x0000000084836750) 
thrown [t:\workspace\open\src\hotspot\share\prims\jni.cpp, line 535]
Event: 7143.970 Thread 0x000001aba9994eb0 Exception <a 'java/io/IOException'{0x00000000848a2278}: Connection reset by peer> (0x00000000848a2278) 
thrown [t:\workspace\open\src\hotspot\share\prims\jni.cpp, line 535]
Event: 7147.064 Thread 0x000001aba9994eb0 Exception <a 'java/io/IOException'{0x00000000848a28f8}: Connection reset by peer> (0x00000000848a28f8) 
thrown [t:\workspace\open\src\hotspot\share\prims\jni.cpp, line 535]
Event: 7167.347 Thread 0x000001aba9997060 Exception <a 'java/io/IOException'{0x000000008474de98}: Connection reset by peer> (0x000000008474de98) 
thrown [t:\workspace\open\src\hotspot\share\prims\jni.cpp, line 535]
Event: 7177.535 Thread 0x000001aba9997060 Exception <a 'java/io/IOException'{0x00000000847b99c0}: Connection reset by peer> (0x00000000847b99c0) 
thrown [t:\workspace\open\src\hotspot\share\prims\jni.cpp, line 535]
Event: 8843.844 Thread 0x000001aba9992830 Exception <a 'java/io/IOException'{0x000000008468bce8}: Connection reset by peer> (0x000000008468bce8) 
thrown [t:\workspace\open\src\hotspot\share\prims\jni.cpp, line 535]
Event: 8861.282 Thread 0x000001aba9997530 Exception <a 'java/io/IOException'{0x00000000846f7620}: Connection reset by peer> (0x00000000846f7620) 
thrown [t:\workspace\open\src\hotspot\share\prims\jni.cpp, line 535]
Event: 8866.663 Thread 0x000001aba99983a0 Exception <a 'java/io/IOException'{0x000000008455a508}: Connection reset by peer> (0x000000008455a508) 
thrown [t:\workspace\open\src\hotspot\share\prims\jni.cpp, line 535]
Event: 8891.061 Thread 0x000001aba9994eb0 Exception <a 'java/io/IOException'{0x00000000845c8110}: Connection reset by peer> (0x00000000845c8110) 
thrown [t:\workspace\open\src\hotspot\share\prims\jni.cpp, line 535]
Event: 8893.452 Thread 0x000001aba9994eb0 Exception <a 'java/io/IOException'{0x00000000845c8790}: Connection reset by peer> (0x00000000845c8790) 
thrown [t:\workspace\open\src\hotspot\share\prims\jni.cpp, line 535]
Event: 8905.683 Thread 0x000001aba9995d20 Exception <a 'java/io/IOException'{0x000000008446e3f8}: Connection reset by peer> (0x000000008446e3f8) 
thrown [t:\workspace\open\src\hotspot\share\prims\jni.cpp, line 535]
Event: 8916.043 Thread 0x000001aba9998d40 Exception <a 'java/io/IOException'{0x00000000844d9f20}: Connection reset by peer> (0x00000000844d9f20) 
thrown [t:\workspace\open\src\hotspot\share\prims\jni.cpp, line 535]

VM Operations (20 events):
Event: 5317.709 Executing VM operation: Cleanup done
Event: 5358.066 Executing VM operation: Cleanup
Event: 5358.066 Executing VM operation: Cleanup done
Event: 5383.284 Executing VM operation: Cleanup
Event: 5383.284 Executing VM operation: Cleanup done
Event: 5443.776 Executing VM operation: Cleanup
Event: 5443.778 Executing VM operation: Cleanup done
Event: 7073.479 Executing VM operation: Cleanup
Event: 7073.480 Executing VM operation: Cleanup done
Event: 7079.519 Executing VM operation: Cleanup
Event: 7079.519 Executing VM operation: Cleanup done
Event: 7080.528 Executing VM operation: Cleanup
Event: 7080.528 Executing VM operation: Cleanup done
Event: 8844.900 Executing VM operation: Cleanup
Event: 8844.902 Executing VM operation: Cleanup done
Event: 8891.308 Executing VM operation: Cleanup
Event: 8891.308 Executing VM operation: Cleanup done
Event: 8906.377 Executing VM operation: Cleanup
Event: 8906.377 Executing VM operation: Cleanup done
Event: 8916.127 Executing VM operation: G1CollectForAllocation

Events (20 events):
Event: 8848.851 Thread 0x000001aba9992830 Thread exited: 0x000001aba9992830
Event: 8849.023 Thread 0x000001aba9994eb0 Thread exited: 0x000001aba9994eb0
Event: 8861.280 Thread 0x000001aba9997530 Thread added: 0x000001aba9997530
Event: 8861.280 Thread 0x000001aba9994040 Thread added: 0x000001aba9994040
Event: 8866.282 Thread 0x000001aba9997530 Thread exited: 0x000001aba9997530
Event: 8866.375 Thread 0x000001aba9994040 Thread exited: 0x000001aba9994040
Event: 8866.660 Thread 0x000001aba99983a0 Thread added: 0x000001aba99983a0
Event: 8866.660 Thread 0x000001aba9994040 Thread added: 0x000001aba9994040
Event: 8871.669 Thread 0x000001aba99983a0 Thread exited: 0x000001aba99983a0
Event: 8871.777 Thread 0x000001aba9994040 Thread exited: 0x000001aba9994040
Event: 8891.033 Thread 0x000001aba9994eb0 Thread added: 0x000001aba9994eb0
Event: 8891.033 Thread 0x000001aba9997530 Thread added: 0x000001aba9997530
Event: 8898.520 Thread 0x000001aba9994eb0 Thread exited: 0x000001aba9994eb0
Event: 8898.622 Thread 0x000001aba9997530 Thread exited: 0x000001aba9997530
Event: 8905.681 Thread 0x000001aba9995d20 Thread added: 0x000001aba9995d20
Event: 8905.681 Thread 0x000001aba9998d40 Thread added: 0x000001aba9998d40
Event: 8910.691 Thread 0x000001aba9995d20 Thread exited: 0x000001aba9995d20
Event: 8910.783 Thread 0x000001aba9998d40 Thread exited: 0x000001aba9998d40
Event: 8916.040 Thread 0x000001aba9998d40 Thread added: 0x000001aba9998d40
Event: 8916.040 Thread 0x000001aba9994040 Thread added: 0x000001aba9994040


Dynamic libraries:
0x00007ff698a40000 - 0x00007ff698a50000 	C:\Program Files\Java\jdk-18\bin\java.exe
0x00007ffde34f0000 - 0x00007ffde36e8000 	C:\Windows\SYSTEM32\ntdll.dll
0x00007ffdd8dc0000 - 0x00007ffdd8dd7000 	C:\Program Files\Avast Software\Avast\aswhook.dll
0x00007ffde1550000 - 0x00007ffde160d000 	C:\Windows\System32\KERNEL32.DLL
0x00007ffde0e40000 - 0x00007ffde110e000 	C:\Windows\System32\KERNELBASE.dll
0x00007ffde0ca0000 - 0x00007ffde0da0000 	C:\Windows\System32\ucrtbase.dll
0x00007ffdb0fb0000 - 0x00007ffdb0fc8000 	C:\Program Files\Java\jdk-18\bin\jli.dll
0x00007ffdb0fd0000 - 0x00007ffdb0fea000 	C:\Program Files\Java\jdk-18\bin\VCRUNTIME140.dll
0x00007ffde2880000 - 0x00007ffde292e000 	C:\Windows\System32\ADVAPI32.dll
0x00007ffde1fb0000 - 0x00007ffde204e000 	C:\Windows\System32\msvcrt.dll
0x00007ffde1a00000 - 0x00007ffde1a9c000 	C:\Windows\System32\sechost.dll
0x00007ffde2050000 - 0x00007ffde2175000 	C:\Windows\System32\RPCRT4.dll
0x00007ffde1aa0000 - 0x00007ffde1c40000 	C:\Windows\System32\USER32.dll
0x00007ffdcf650000 - 0x00007ffdcf8ea000 	C:\Windows\WinSxS\amd64_microsoft.windows.common-controls_6595b64144ccf1df_6.0.19041.1110_none_60b5254171f9507e\COMCTL32.dll
0x00007ffde13c0000 - 0x00007ffde13e2000 	C:\Windows\System32\win32u.dll
0x00007ffde1610000 - 0x00007ffde163a000 	C:\Windows\System32\GDI32.dll
0x00007ffde12b0000 - 0x00007ffde13bb000 	C:\Windows\System32\gdi32full.dll
0x00007ffde0da0000 - 0x00007ffde0e3d000 	C:\Windows\System32\msvcp_win.dll
0x00007ffdd43d0000 - 0x00007ffdd43da000 	C:\Windows\SYSTEM32\VERSION.dll
0x00007ffde2b80000 - 0x00007ffde2bb0000 	C:\Windows\System32\IMM32.DLL
0x00007ffddca80000 - 0x00007ffddca8c000 	C:\Program Files\Java\jdk-18\bin\vcruntime140_1.dll
0x00007ffd69ac0000 - 0x00007ffd69b4d000 	C:\Program Files\Java\jdk-18\bin\msvcp140.dll
0x00007ffdc4eb0000 - 0x00007ffdc5ac1000 	C:\Program Files\Java\jdk-18\bin\server\jvm.dll
0x00007ffde16a0000 - 0x00007ffde16a8000 	C:\Windows\System32\PSAPI.DLL
0x00007ffdcdd00000 - 0x00007ffdcdd09000 	C:\Windows\SYSTEM32\WSOCK32.dll
0x00007ffde2c90000 - 0x00007ffde2cfb000 	C:\Windows\System32\WS2_32.dll
0x00007ffdc5e20000 - 0x00007ffdc5e47000 	C:\Windows\SYSTEM32\WINMM.dll
0x00007ffddead0000 - 0x00007ffddeae2000 	C:\Windows\SYSTEM32\kernel.appcore.dll
0x00007ffdc5e10000 - 0x00007ffdc5e1a000 	C:\Program Files\Java\jdk-18\bin\jimage.dll
0x00007ffdd34d0000 - 0x00007ffdd36b4000 	C:\Windows\SYSTEM32\DBGHELP.DLL
0x00007ffdd30e0000 - 0x00007ffdd310c000 	C:\Windows\SYSTEM32\dbgcore.DLL
0x00007ffde0c10000 - 0x00007ffde0c92000 	C:\Windows\System32\bcryptPrimitives.dll
0x00007ffdd8b00000 - 0x00007ffdd8b0e000 	C:\Program Files\Java\jdk-18\bin\instrument.dll
0x00007ffdc5de0000 - 0x00007ffdc5e05000 	C:\Program Files\Java\jdk-18\bin\java.dll
0x00007ffdc4dd0000 - 0x00007ffdc4ea6000 	C:\Program Files\Java\jdk-18\bin\jsvml.dll
0x00007ffde2d00000 - 0x00007ffde3444000 	C:\Windows\System32\SHELL32.dll
0x00007ffddecd0000 - 0x00007ffddf464000 	C:\Windows\SYSTEM32\windows.storage.dll
0x00007ffde1c50000 - 0x00007ffde1fa4000 	C:\Windows\System32\combase.dll
0x00007ffde04c0000 - 0x00007ffde04f0000 	C:\Windows\SYSTEM32\Wldp.dll
0x00007ffde16b0000 - 0x00007ffde175d000 	C:\Windows\System32\SHCORE.dll
0x00007ffde1640000 - 0x00007ffde1695000 	C:\Windows\System32\shlwapi.dll
0x00007ffde0b50000 - 0x00007ffde0b6f000 	C:\Windows\SYSTEM32\profapi.dll
0x00007ffdc4280000 - 0x00007ffdc4298000 	C:\Program Files\Java\jdk-18\bin\zip.dll
0x00007ffdc5da0000 - 0x00007ffdc5db3000 	C:\Program Files\Java\jdk-18\bin\net.dll
0x00007ffdd6440000 - 0x00007ffdd654a000 	C:\Windows\SYSTEM32\WINHTTP.dll
0x00007ffde02a0000 - 0x00007ffde030a000 	C:\Windows\system32\mswsock.dll
0x00007ffdc42a0000 - 0x00007ffdc42b6000 	C:\Program Files\Java\jdk-18\bin\nio.dll
0x00007ffdd8660000 - 0x00007ffdd867a000 	C:\Program Files\JetBrains\IntelliJ IDEA Community Edition 2022.1.3\bin\breakgen64.dll
0x00007ffdc3040000 - 0x00007ffdc3050000 	C:\Program Files\Java\jdk-18\bin\verify.dll
0x00007ffdc3470000 - 0x00007ffdc3479000 	C:\Program Files\Java\jdk-18\bin\management.dll
0x00007ffdc3460000 - 0x00007ffdc346b000 	C:\Program Files\Java\jdk-18\bin\management_ext.dll
0x00007ffdc7bf0000 - 0x00007ffdc7c07000 	C:\Windows\system32\napinsp.dll
0x00007ffdc7bd0000 - 0x00007ffdc7beb000 	C:\Windows\system32\pnrpnsp.dll
0x00007ffddb970000 - 0x00007ffddb985000 	C:\Windows\system32\wshbth.dll
0x00007ffddc610000 - 0x00007ffddc62d000 	C:\Windows\system32\NLAapi.dll
0x00007ffddffb0000 - 0x00007ffddffeb000 	C:\Windows\SYSTEM32\IPHLPAPI.DLL
0x00007ffddfff0000 - 0x00007ffde00ba000 	C:\Windows\SYSTEM32\DNSAPI.dll
0x00007ffde18e0000 - 0x00007ffde18e8000 	C:\Windows\System32\NSI.dll
0x00007ffdc7bb0000 - 0x00007ffdc7bc2000 	C:\Windows\System32\winrnr.dll
0x00007ffdd7a40000 - 0x00007ffdd7a4a000 	C:\Windows\System32\rasadhlp.dll
0x00007ffdd1080000 - 0x00007ffdd1100000 	C:\Windows\System32\fwpuclnt.dll
0x00007ffde1280000 - 0x00007ffde12a7000 	C:\Windows\System32\bcrypt.dll
0x00007ffde0500000 - 0x00007ffde0518000 	C:\Windows\SYSTEM32\CRYPTSP.dll
0x00007ffddfc40000 - 0x00007ffddfc74000 	C:\Windows\system32\rsaenh.dll
0x00007ffde0b10000 - 0x00007ffde0b3e000 	C:\Windows\SYSTEM32\USERENV.dll
0x00007ffde0430000 - 0x00007ffde043c000 	C:\Windows\SYSTEM32\CRYPTBASE.dll
0x00007ffdd3ba0000 - 0x00007ffdd3bb7000 	C:\Windows\SYSTEM32\dhcpcsvc6.DLL
0x00007ffdd4840000 - 0x00007ffdd485d000 	C:\Windows\SYSTEM32\dhcpcsvc.DLL
0x00007ffdc7710000 - 0x00007ffdc771e000 	C:\Program Files\Java\jdk-18\bin\sunmscapi.dll
0x00007ffde13f0000 - 0x00007ffde1546000 	C:\Windows\System32\CRYPT32.dll
0x00007ffde0670000 - 0x00007ffde0697000 	C:\Windows\SYSTEM32\ncrypt.dll
0x00007ffde0630000 - 0x00007ffde066b000 	C:\Windows\SYSTEM32\NTASN1.dll

dbghelp: loaded successfully - version: 4.0.5 - missing functions: none
symbol engine: initialized successfully - sym options: 0x614 - pdb path: .;C:\Program Files\Java\jdk-18\bin;C:\Windows\SYSTEM32;C:\Program Files\Avast Software\Avast;C:\Windows\WinSxS\amd64_microsoft.windows.common-controls_6595b64144ccf1df_6.0.19041.1110_none_60b5254171f9507e;C:\Program Files\Java\jdk-18\bin\server;C:\Program Files\JetBrains\IntelliJ IDEA Community Edition 2022.1.3\bin

VM Arguments:
jvm_args: -javaagent:C:\Program Files\JetBrains\IntelliJ IDEA Community Edition 2022.1.3\lib\idea_rt.jar=49296:C:\Program Files\JetBrains\IntelliJ IDEA Community Edition 2022.1.3\bin -Dfile.encoding=UTF-8 -Dsun.stdout.encoding=UTF-8 -Dsun.stderr.encoding=UTF-8 
java_command: GantyRex.Ganty.GantyApplication
java_class_path (initial): C:\Users\kasutaja\Projects\SpringProjects\Ganty\target\classes;C:\Users\kasutaja\.m2\repository\org\springframework\boot\spring-boot-starter-data-jpa\2.7.3\spring-boot-starter-data-jpa-2.7.3.jar;C:\Users\kasutaja\.m2\repository\org\springframework\boot\spring-boot-starter-aop\2.7.3\spring-boot-starter-aop-2.7.3.jar;C:\Users\kasutaja\.m2\repository\org\aspectj\aspectjweaver\1.9.7\aspectjweaver-1.9.7.jar;C:\Users\kasutaja\.m2\repository\org\springframework\boot\spring-boot-starter-jdbc\2.7.3\spring-boot-starter-jdbc-2.7.3.jar;C:\Users\kasutaja\.m2\repository\com\zaxxer\HikariCP\4.0.3\HikariCP-4.0.3.jar;C:\Users\kasutaja\.m2\repository\org\springframework\spring-jdbc\5.3.22\spring-jdbc-5.3.22.jar;C:\Users\kasutaja\.m2\repository\jakarta\transaction\jakarta.transaction-api\1.3.3\jakarta.transaction-api-1.3.3.jar;C:\Users\kasutaja\.m2\repository\jakarta\persistence\jakarta.persistence-api\2.2.3\jakarta.persistence-api-2.2.3.jar;C:\Users\kasutaja\.m2\repository\org\hibernate\hibernate-core\5.6.10.Final\hibernate-core-5.6.10.Final.jar;C:\Users\kasutaja\.m2\repository\org\jboss\logging\jboss-logging\3.4.3.Final\jboss-logging-3.4.3.Final.jar;C:\Users\kasutaja\.m2\repository\net\bytebuddy\byte-buddy\1.12.13\byte-buddy-1.12.13.jar;C:\Users\kasutaja\.m2\repository\antlr\antlr\2.7.7\antlr-2.7.7.jar;C:\Users\kasutaja\.m2\repository\org\jboss\jandex\2.4.2.Final\jandex-2.4.2.Final.jar;C:\Users\kasutaja\.m2\repository\com\fasterxml\classmate\1.5.1\classmate-1.5.1.jar;C:\Users\kasutaja\.m2\repository\org\hibernate\common\hibernate-commons-annotations\5.1.2.Final\hibernate-commons-annotations-5.1.2.Final.jar;C:\Users\kasutaja\.m2\repository\org\glassfish\jaxb\jaxb-runtime\2.3.6\jaxb-runtime-2.3.6.jar;C:\Users\kasutaja\.m2\repository\org\glassfish\jaxb\txw2\2.3.6\txw2-2.3.6.jar;C:\Users\kasutaja\.m2\repository\com\sun\istack\istack-commons-runtime\3.0.12\istack-commons-runtime-3.0.12.jar;C:\Users\kasutaja\.m2\repository\com\sun\activation\jakarta.activation\1.2.2\jakarta.activation-1.2.2.jar;C:\Users\kasutaja\.m2\repository\org\springframework\data\spring-data-jpa\2.7.2\spring-data-jpa-2.7.2.jar;C:\Users\kasutaja\.m2\repository\org\springframework\data\spring-data-commons\2.7.2\spring-data-commons-2.7.2.jar;C:\Users\kasutaja\.m2\repository\org\springframework\spring-orm\5.3.22\spring-orm-5.3.22.jar;C:\Users\kasutaja\.m2\repository\org\springframework\spring-context\5.3.22\spring-context-5.3.22.jar;C:\Users\kasutaja\.m2\repository\org\springframework\spring-tx\5.3.22\spring-tx-5.3.22.jar;C:\Users\kasutaja\.m2\repository\org\springframework\spring-beans\5.3.22\spring-beans-5.3.22.jar;C:\Users\kasutaja\.m2\repository\org\slf4j\slf4j-api\1.7.36\slf4j-api-1.7.36.jar;C:\Users\kasutaja\.m2\repository\org\springframework\spring-aspects\5.3.22\spring-aspects-5.3.22.jar;C:\Users\kasutaja\.m2\repository\org\springframework\boot\spring-boot-starter-security\2.7.3\spring-boot-starter-security-2.7.3.jar;C:\Users\kasutaja\.m2\repository\org\springframework\boot\spring-boot-starter\2.7.3\spring-boot-starter-2.7.3.jar;C:\Users\kasutaja\.m2\repository\org\springframework\boot\spring-boot\2.7.3\spring-boot-2.7.3.jar;C:\Users\kasutaja\.m2\repository\org\springframework\boot\spring-boot-autoconfigure\2.7.3\spring-boot-autoconfigure-2.7.3.jar;C:\Users\kasutaja\.m2\repository\org\springframework\boot\spring-boot-starter-logging\2.7.3\spring-boot-starter-logging-2.7.3.jar;C:\Users\kasutaja\.m2\repository\ch\qos\logback\logback-classic\1.2.11\logback-classic-1.2.11.jar;C:\Users\kasutaja\.m2\repository\ch\qos\logback\logback-core\1.2.11\logback-core-1.2.11.jar;C:\Users\kasutaja\.m2\repository\org\apache\logging\log4j\log4j-to-slf4j\2.17.2\log4j-to-slf4j-2.17.2.jar;C:\Users\kasutaja\.m2\repository\org\apache\logging\log4j\log4j-api\2.17.2\log4j-api-2.17.2.jar;C:\Users\kasutaja\.m2\repository\org\slf4j\jul-to-slf4j\1.7.36\jul-to-slf4j-1.7.36.jar;C:\Users\kasutaja\.m2\repository\jakarta\annotation\jakarta.annotation-api\1.3.5\jakarta.annotation-api-1.3.5.jar;C:\Users\kasutaja\.m2\repository\org\yaml\snakeyaml\1.30\snakeyaml-1.30.jar;C:\Users\kasutaja\.m2\repository\org\springframework\spring-aop\5.3.22\spring-aop-5.3.22.jar;C:\Users\kasutaja\.m2\repository\org\springframework\security\spring-security-config\5.7.3\spring-security-config-5.7.3.jar;C:\Users\kasutaja\.m2\repository\org\springframework\security\spring-security-web\5.7.3\spring-security-web-5.7.3.jar;C:\Users\kasutaja\.m2\repository\org\springframework\spring-expression\5.3.22\spring-expression-5.3.22.jar;C:\Users\kasutaja\.m2\repository\com\google\guava\guava\31.1-jre\guava-31.1-jre.jar;C:\Users\kasutaja\.m2\repository\com\google\guava\failureaccess\1.0.1\failureaccess-1.0.1.jar;C:\Users\kasutaja\.m2\repository\com\google\guava\listenablefuture\9999.0-empty-to-avoid-conflict-with-guava\listenablefuture-9999.0-empty-to-avoid-conflict-with-guava.jar;C:\Users\kasutaja\.m2\repository\com\google\code\findbugs\jsr305\3.0.2\jsr305-3.0.2.jar;C:\Users\kasutaja\.m2\repository\org\checkerframework\checker-qual\3.12.0\checker-qual-3.12.0.jar;C:\Users\kasutaja\.m2\repository\com\google\errorprone\error_prone_annotations\2.11.0\error_prone_annotations-2.11.0.jar;C:\Users\kasutaja\.m2\repository\com\google\j2objc\j2objc-annotations\1.3\j2objc-annotations-1.3.jar;C:\Users\kasutaja\.m2\repository\org\springframework\boot\spring-boot-starter-web\2.7.3\spring-boot-starter-web-2.7.3.jar;C:\Users\kasutaja\.m2\repository\org\springframework\boot\spring-boot-starter-json\2.7.3\spring-boot-starter-json-2.7.3.jar;C:\Users\kasutaja\.m2\repository\com\fasterxml\jackson\core\jackson-databind\2.13.3\jackson-databind-2.13.3.jar;C:\Users\kasutaja\.m2\repository\com\fasterxml\jackson\core\jackson-annotations\2.13.3\jackson-annotations-2.13.3.jar;C:\Users\kasutaja\.m2\repository\com\fasterxml\jackson\core\jackson-core\2.13.3\jackson-core-2.13.3.jar;C:\Users\kasutaja\.m2\repository\com\fasterxml\jackson\datatype\jackson-datatype-jdk8\2.13.3\jackson-datatype-jdk8-2.13.3.jar;C:\Users\kasutaja\.m2\repository\com\fasterxml\jackson\datatype\jackson-datatype-jsr310\2.13.3\jackson-datatype-jsr310-2.13.3.jar;C:\Users\kasutaja\.m2\repository\com\fasterxml\jackson\module\jackson-module-parameter-names\2.13.3\jackson-module-parameter-names-2.13.3.jar;C:\Users\kasutaja\.m2\repository\org\springframework\boot\spring-boot-starter-tomcat\2.7.3\spring-boot-starter-tomcat-2.7.3.jar;C:\Users\kasutaja\.m2\repository\org\apache\tomcat\embed\tomcat-embed-core\9.0.65\tomcat-embed-core-9.0.65.jar;C:\Users\kasutaja\.m2\repository\org\apache\tomcat\embed\tomcat-embed-el\9.0.65\tomcat-embed-el-9.0.65.jar;C:\Users\kasutaja\.m2\repository\org\apache\tomcat\embed\tomcat-embed-websocket\9.0.65\tomcat-embed-websocket-9.0.65.jar;C:\Users\kasutaja\.m2\repository\org\springframework\spring-web\5.3.22\spring-web-5.3.22.jar;C:\Users\kasutaja\.m2\repository\org\springframework\spring-webmvc\5.3.22\spring-webmvc-5.3.22.jar;C:\Users\kasutaja\.m2\repository\org\postgresql\postgresql\42.3.6\postgresql-42.3.6.jar;C:\Users\kasutaja\.m2\repository\org\projectlombok\lombok\1.18.24\lombok-1.18.24.jar;C:\Users\kasutaja\.m2\repository\jakarta\xml\bind\jakarta.xml.bind-api\2.3.3\jakarta.xml.bind-api-2.3.3.jar;C:\Users\kasutaja\.m2\repository\jakarta\activation\jakarta.activation-api\1.2.2\jakarta.activation-api-1.2.2.jar;C:\Users\kasutaja\.m2\repository\org\springframework\spring-core\5.3.22\spring-core-5.3.22.jar;C:\Users\kasutaja\.m2\repository\org\springframework\spring-jcl\5.3.22\spring-jcl-5.3.22.jar;C:\Users\kasutaja\.m2\repository\org\springframework\security\spring-security-core\5.7.3\spring-security-core-5.7.3.jar;C:\Users\kasutaja\.m2\repository\org\springframework\security\spring-security-crypto\5.7.3\spring-security-crypto-5.7.3.jar;C:\Users\kasutaja\.m2\repository\org\jetbrains\annotations\23.0.0\annotations-23.0.0.jar
Launcher Type: SUN_STANDARD

[Global flags]
     intx CICompilerCount                          = 3                                         {product} {ergonomic}
     uint ConcGCThreads                            = 1                                         {product} {ergonomic}
     uint G1ConcRefinementThreads                  = 4                                         {product} {ergonomic}
   size_t G1HeapRegionSize                         = 1048576                                   {product} {ergonomic}
    uintx GCDrainStackTargetSize                   = 64                                        {product} {ergonomic}
   size_t InitialHeapSize                          = 134217728                                 {product} {ergonomic}
   size_t MarkStackSize                            = 4194304                                   {product} {ergonomic}
   size_t MaxHeapSize                              = 2116026368                                {product} {ergonomic}
   size_t MaxNewSize                               = 1268776960                                {product} {ergonomic}
   size_t MinHeapDeltaBytes                        = 1048576                                   {product} {ergonomic}
   size_t MinHeapSize                              = 8388608                                   {product} {ergonomic}
    uintx NonNMethodCodeHeapSize                   = 5832780                                {pd product} {ergonomic}
    uintx NonProfiledCodeHeapSize                  = 122912730                              {pd product} {ergonomic}
    uintx ProfiledCodeHeapSize                     = 122912730                              {pd product} {ergonomic}
    uintx ReservedCodeCacheSize                    = 251658240                              {pd product} {ergonomic}
     bool SegmentedCodeCache                       = true                                      {product} {ergonomic}
   size_t SoftMaxHeapSize                          = 2116026368                             {manageable} {ergonomic}
     bool UseCompressedClassPointers               = true                           {product lp64_product} {ergonomic}
     bool UseCompressedOops                        = true                           {product lp64_product} {ergonomic}
     bool UseG1GC                                  = true                                      {product} {ergonomic}
     bool UseLargePagesIndividualAllocation        = false                                  {pd product} {ergonomic}

Logging:
Log output configuration:
 #0: stdout all=warning uptime,level,tags foldmultilines=false
 #1: stderr all=off uptime,level,tags foldmultilines=false

Environment Variables:
PATH=C:\Program Files (x86)\Common Files\Oracle\Java\javapath;C:\Program Files\Common Files\Oracle\Java\javapath;C:\Windows\system32;C:\Windows;C:\Windows\System32\Wbem;C:\Windows\System32\WindowsPowerShell\v1.0\;C:\Windows\System32\OpenSSH\;C:\Program Files\nodejs\;C:\ProgramData\chocolatey\bin;C:\apache-maven-3.8.6\bin;C:\spring-1.3.0.M1\bin;C:\Program Files\Git\cmd;C:\Program Files\MySQL\MySQL Shell 8.0\bin\;C:\Users\kasutaja\AppData\Local\Microsoft\WindowsApps;C:\Users\kasutaja\AppData\Roaming\npm;C:\Program Files\JetBrains\IntelliJ IDEA Community Edition 2022.1.3\bin;;C:\Users\kasutaja\AppData\Local\Programs\Microsoft VS Code\bin;C:\apache-maven-3.8.6\bin;C:\Users\kasutaja\AppData\Local\GitHubDesktop\bin
USERNAME=kasutaja
OS=Windows_NT
PROCESSOR_IDENTIFIER=Intel64 Family 6 Model 61 Stepping 4, GenuineIntel



---------------  S Y S T E M  ---------------

OS:
 Windows 10 , 64 bit Build 19041 (10.0.19041.1889)
OS uptime: 3 days 8:09 hours
Hyper-V role detected

CPU: total 4 (initial active 4) (2 cores per cpu, 2 threads per core) family 6 model 61 stepping 4 microcode 0x2d, cx8, cmov, fxsr, ht, mmx, 3dnowpref, sse, sse2, sse3, ssse3, sse4.1, sse4.2, popcnt, lzcnt, tsc, tscinvbit, avx, avx2, aes, erms, clmul, bmi1, bmi2, rtm, adx, fma, vzeroupper, clflush, hv

Memory: 4k page, system-wide physical 8070M (70M free)
TotalPageFile size 32646M (AvailPageFile size 0M)
current process WorkingSet (physical memory assigned to process): 53M, peak: 229M
current process commit charge ("private bytes"): 223M, peak: 271M

vm_info: Java HotSpot(TM) 64-Bit Server VM (18+36-2087) for windows-amd64 JRE (18+36-2087), built on Feb 15 2022 09:43:11 by "mach5one" with MS VC++ 16.8 / 16.9 (VS2019)

END.
